<?xml version="1.0" encoding="UTF-8"?>
<!-- Generated by org.testng.reporters.JUnitReportReporter -->
<testsuite hostname="DESKTOP-FGN70A4" failures="0" tests="1" name="example.NewTest" time="7.119" errors="0" timestamp="2022-11-08T12:23:27 IST" skipped="0">
  <testcase classname="example.NewTest" name="testEasy" time="7.119"/>
  <system-out/>
</testsuite> <!-- example.NewTest -->
